10 1 1
10 1 1
10 1 1
13 0 320 304 320 480
13 0 448 304 448 480
13 0 560 304 560 480
13 0 688 304 688 464
13 0 736 256 768 256
13 0 832 272 832 432
13 0 832 432 736 432
13 2 736 432 832 432
13 2 832 272 832 432
13 2 736 256 768 256
13 0 800 368 848 368
13 0 848 368 864 368
13 0 864 368 928 368
13 0 864 368 928 368
13 2 864 368 928 368
13 0 848 368 864 368
13 2 848 368 864 368
13 2 800 368 848 368
13 0 896 384 928 384
13 2 896 384 928 384
13 5 320 304 CLK
13 5 448 304 x2
13 5 560 304 x3
13 5 688 304 x4
13 8 320 304 1
13 8 448 304 1
13 8 560 304 1
13 8 688 304 1
17 0 or2 768 512 0
13 0 448 480 448 560
13 0 448 560 464 560
13 0 464 560 768 560
13 0 560 480 560 592
13 0 560 592 640 592
13 0 640 592 768 592
17 0 xor2 960 528 0
13 0 912 576 960 576
13 0 912 576 944 576
13 0 944 576 960 576
13 2 944 576 960 576
13 2 912 576 944 576
13 0 912 576 944 576
13 0 688 464 688 640
13 0 688 640 768 640
13 0 768 640 944 640
13 0 944 640 944 608
13 0 1104 592 1104 496
13 5 1104 496 D
13 8 1104 496 2
13 8 1104 496 2
13 8 1104 496 0
13 7 1104 496
13 5 1104 496 D
13 8 1104 496 2
13 0 1104 592 1168 592
13 2 1104 592 1168 592
13 0 1104 592 1200 592
13 2 1104 592 1200 592
13 0 1104 576 1152 576
13 2 1104 576 1152 576
13 0 928 640 928 672
13 0 928 656 944 656
13 2 928 656 944 656
13 2 928 640 928 672
13 0 1104 592 1152 592
13 0 1152 592 1328 592
13 0 1200 592 1200 672
17 0 inv 1248 672 1
13 0 1200 592 1200 560
13 2 1200 560 1200 592
17 0 nd2 1360 544 0
17 0 nd2 1360 768 0
17 0 nd2 1696 544 0
17 0 nd2 1696 784 0
13 0 1328 592 1360 592
13 0 1200 768 1200 848
13 0 1200 848 1232 848
13 0 1232 848 1360 848
13 0 320 480 320 672
13 0 320 672 496 672
13 0 496 672 1264 672
13 0 496 672 1200 672
13 0 496 672 1280 672
13 0 496 672 1200 672
13 0 1360 624 1296 624
13 0 1296 624 1296 816
13 0 1296 816 1360 816
13 0 1296 656 1104 656
13 0 1104 656 1104 688
13 0 1104 688 1088 688
13 0 496 672 1088 672
13 0 1088 672 1088 688
13 2 1088 672 1088 688
13 0 496 672 1088 672
13 2 496 672 1088 672
13 2 1088 688 1104 688
13 2 1104 656 1104 688
13 0 496 672 1104 672
13 0 1104 672 1104 656
13 0 1504 608 1696 608
13 0 1696 608 1696 592
13 0 1504 832 1648 832
13 0 1648 832 1648 864
13 0 1648 864 1696 864
13 0 1840 608 2096 608
13 0 1840 848 2128 848
13 5 2096 608 Q
13 5 2128 848 nQ
13 8 2096 608 2
13 8 2128 848 2
13 0 1696 624 1696 688
13 0 1696 688 1760 688
13 0 1760 688 1888 688
13 0 1888 688 1888 704
13 0 1888 704 1888 848
13 0 1696 832 1696 752
13 0 1696 752 1712 752
13 0 1712 752 1936 752
13 0 1936 752 1936 608
13 0 752 400 672 400
13 0 672 400 672 464
13 2 672 400 672 464
13 2 672 400 752 400
13 0 688 368 688 448
13 2 688 368 688 448
17 0 inv 736 368 1
13 2 688 304 688 368
13 2 688 448 688 464
13 2 688 464 688 640
17 0 8
17 0 inv 736 384 1
13 0 688 304 688 384
13 0 688 464 688 480
13 0 688 480 688 640
13 2 688 480 688 640
13 2 688 464 688 480
13 2 688 304 688 384
17 0 8
17 0 inv 736 368 1
13 0 688 464 688 640
13 0 688 448 688 464
13 0 688 304 688 368
17 0 8
13 0 688 448 688 496
13 2 688 448 688 496
17 0 inv 752 384 1
17 0 8
17 0 inv 704 432 1
17 0 8
17 0 inv 736 384 1
13 0 688 368 688 384
13 0 688 480 688 496
13 0 1792 784 1792 912
13 0 1792 912 1744 912
13 2 1744 912 1792 912
13 2 1792 784 1792 912
17 0 7
13 0 1840 848 1872 848
13 2 1840 848 1872 848
17 0 nd3 1728 768 0
13 0 1696 800 1696 832
13 2 1696 800 1696 832
13 0 1728 816 1696 816
13 0 1696 816 1696 800
13 2 1648 864 1696 864
13 0 1648 848 1648 864
13 2 1648 848 1648 864
13 0 1728 848 1648 848
13 0 1728 880 1728 896
13 0 1728 896 496 896
13 5 496 896 RESET
13 8 496 896 1
13 5 1104 512 D
13 7 1104 512
