10 1 1
10 1 1
10 1 1
17 0 nd4 1712 1280 0
17 0 nd4 1712 1536 0
17 0 nd3 1712 1424 0
17 0 nd5 1712 1680 0
13 0 1712 1328 912 1328
13 0 1712 1360 1184 1360
13 0 1712 1392 1344 1392
13 0 1712 1424 1616 1424
13 0 1712 1472 1120 1472
13 0 1728 1504 1408 1504
13 0 1408 1504 1712 1504
13 0 1712 1504 1728 1504
13 2 1712 1504 1728 1504
13 2 1408 1504 1712 1504
13 0 1712 1504 1408 1504
13 0 1712 1536 1616 1536
13 0 1712 1584 400 1584
13 0 1712 1616 912 1616
13 0 1712 1648 1344 1648
13 0 1712 1680 1664 1680
13 0 1712 1728 288 1728
13 0 1712 1760 848 1760
13 0 1712 1792 1184 1792
13 0 1184 1792 1184 1808
13 0 1712 1824 1344 1824
13 0 1712 1856 1616 1856
17 0 nd4 1904 1456 0
13 0 1856 1376 1904 1376
13 0 1904 1376 1904 1392
13 0 1904 1392 1904 1504
13 0 1856 1504 1856 1536
13 0 1856 1536 1888 1536
13 0 1888 1536 1904 1536
13 0 1904 1568 1856 1568
13 0 1856 1568 1856 1600
13 0 1856 1600 1856 1632
13 0 1904 1600 1904 1792
13 0 1904 1792 1856 1792
17 0 nd2 2048 1504 0
17 0 nd2 2064 1504 0
13 0 2064 1552 2048 1552
13 0 2064 1584 2064 1888
13 0 2064 1888 1760 1888
13 0 1760 1888 720 1888
13 0 720 1888 720 1872
13 2 720 1872 720 1888
13 0 1760 1888 720 1888
13 2 720 1888 1760 1888
13 0 1760 1888 576 1888
17 0 nd2 1712 1872 0
17 0 nd3 1712 1968 0
17 0 nd2 1888 1920 0
17 0 nd2 2224 1680 0
13 0 1712 1920 1408 1920
13 0 1712 1952 1616 1952
13 0 1712 2016 1184 2016
13 0 1712 2048 1344 2048
13 0 1712 2080 1664 2080
13 0 1856 1936 1856 1968
13 0 1856 1968 1888 1968
13 0 1888 2000 1856 2000
13 0 1856 2000 1856 2016
13 0 1856 2016 1856 2048
13 0 2032 1984 2112 1984
13 0 2112 1984 2112 1936
13 0 2112 1936 2112 1760
13 0 2112 1760 2224 1760
13 0 2224 1728 2224 1568
13 0 2224 1568 2208 1568
13 0 2368 1744 2432 1744
13 5 2432 1744 opp
13 8 2432 1744 2
17 0 27
17 0 26
17 0 25
17 0 24
17 0 23
17 0 22
17 0 21
17 0 20
17 0 19
17 0 18
13 0 1680 1328 1712 1328
13 2 1680 1328 1712 1328
13 0 1680 1360 1712 1360
13 2 1680 1360 1712 1360
13 2 1856 1376 1904 1376
13 0 1680 1392 1712 1392
13 2 1680 1392 1712 1392
13 0 1680 1424 1712 1424
13 2 1680 1424 1712 1424
13 0 1680 1472 1712 1472
13 2 1680 1472 1712 1472
13 0 1680 1504 1712 1504
13 2 1680 1504 1712 1504
13 0 1680 1536 1712 1536
13 2 1680 1536 1712 1536
13 2 1856 1536 1904 1536
13 2 2048 1552 2064 1552
13 2 1856 1568 1904 1568
13 2 2208 1568 2224 1568
13 0 1680 1584 1712 1584
13 2 1680 1584 1712 1584
13 0 1680 1616 1712 1616
13 2 1680 1616 1712 1616
13 0 1680 1648 1712 1648
13 2 1680 1648 1712 1648
13 0 1680 1680 1712 1680
13 2 1680 1680 1712 1680
13 0 1680 1728 1712 1728
13 2 1680 1728 1712 1728
13 2 2368 1744 2432 1744
13 0 1680 1760 1712 1760
13 2 1680 1760 1712 1760
13 2 2112 1760 2224 1760
13 0 1680 1792 1712 1792
13 2 1680 1792 1712 1792
13 2 1856 1792 1904 1792
13 0 1680 1824 1712 1824
13 2 1680 1824 1712 1824
13 0 1680 1856 1712 1856
13 2 1680 1856 1712 1856
13 0 1680 1888 2064 1888
13 2 1680 1888 2064 1888
13 0 1680 1920 1712 1920
13 2 1680 1920 1712 1920
13 0 1680 1952 1712 1952
13 2 1680 1952 1712 1952
13 2 1856 1968 1888 1968
13 2 2032 1984 2112 1984
13 2 1856 2000 1888 2000
13 0 1680 2016 1712 2016
13 2 1680 2016 1712 2016
13 0 1680 2048 1712 2048
13 2 1680 2048 1712 2048
13 0 1680 2080 1712 2080
13 2 1680 2080 1712 2080
13 2 1856 1504 1856 1536
13 2 1856 1568 1856 1632
13 2 1856 1936 1856 1968
13 2 1856 2000 1856 2048
13 2 1904 1376 1904 1504
13 2 1904 1600 1904 1792
13 2 2064 1584 2064 1888
13 2 2112 1760 2112 1984
13 2 2224 1568 2224 1728
13 7 2432 1744
13 8 2432 1744 0
13 8 2432 1744 0
13 0 1504 1360 1680 1360
13 2 1504 1360 1680 1360
13 2 1184 1360 1504 1360
13 0 1504 1360 1184 1360
13 0 1504 1360 1680 1360
13 0 1504 1360 1680 1360
13 2 1504 1360 1680 1360
13 2 1184 1360 1504 1360
13 0 1520 1328 1680 1328
13 2 1520 1328 1680 1328
13 2 912 1328 1520 1328
13 0 1520 1392 1680 1392
13 2 1520 1392 1680 1392
13 2 1344 1392 1520 1392
13 0 1648 1536 1680 1536
13 2 1648 1536 1680 1536
13 2 1616 1536 1648 1536
13 0 1632 1472 1680 1472
13 2 1632 1472 1680 1472
13 2 1120 1472 1632 1472
13 0 1648 1504 1680 1504
13 2 1648 1504 1680 1504
13 2 1408 1504 1648 1504
13 0 1632 1584 1680 1584
13 2 1632 1584 1680 1584
13 2 400 1584 1632 1584
13 0 1504 1360 1184 1360
13 0 1504 1360 1680 1360
13 0 1520 1328 912 1328
13 0 1520 1328 1680 1328
13 0 1520 1392 1344 1392
13 0 1520 1392 1680 1392
13 0 1648 1536 1616 1536
13 0 1648 1536 1680 1536
13 0 1632 1472 1120 1472
13 0 1632 1472 1680 1472
13 0 1648 1504 1408 1504
13 0 1648 1504 1680 1504
13 0 1632 1584 400 1584
13 0 1632 1584 1680 1584
13 0 1648 1616 1680 1616
13 2 1648 1616 1680 1616
13 2 912 1616 1648 1616
13 0 1648 1616 912 1616
13 0 1648 1616 1680 1616
13 0 1232 1328 1680 1328
13 2 1232 1328 1680 1328
13 2 912 1328 1232 1328
13 0 912 1328 1680 1328
13 2 912 1328 1680 1328
13 2 1184 1360 1680 1360
13 2 1344 1392 1680 1392
13 2 1616 1424 1680 1424
13 2 1120 1472 1680 1472
13 2 1408 1504 1680 1504
13 2 1616 1536 1680 1536
13 2 400 1584 1680 1584
13 2 912 1616 1680 1616
13 2 1344 1648 1680 1648
13 2 1664 1680 1680 1680
13 2 288 1728 1680 1728
13 2 848 1760 1680 1760
13 2 1184 1792 1680 1792
13 2 1344 1824 1680 1824
13 2 1616 1856 1680 1856
13 2 576 1888 1680 1888
13 2 1408 1920 1680 1920
13 2 1616 1952 1680 1952
13 2 1184 2016 1680 2016
13 2 1344 2048 1680 2048
13 2 1664 2080 1680 2080
13 0 1232 1328 912 1328
13 0 1232 1328 1680 1328
13 0 912 1328 2016 1328
13 0 2000 1360 2016 1360
13 0 1184 1360 2000 1360
13 0 1984 1392 2016 1392
13 0 1344 1392 1984 1392
13 0 1968 1424 2016 1424
13 0 1616 1424 1968 1424
13 0 1952 1472 2016 1472
13 0 1120 1472 1952 1472
13 0 1936 1504 2016 1504
13 0 1408 1504 1936 1504
13 0 1920 1536 2016 1536
13 0 1616 1536 1920 1536
13 0 1904 1584 2016 1584
13 0 400 1584 1904 1584
13 0 1888 1616 2016 1616
13 0 912 1616 1888 1616
13 0 1872 1648 2016 1648
13 0 1344 1648 1872 1648
13 0 1856 1680 2016 1680
13 0 1664 1680 1856 1680
13 0 1840 1728 2016 1728
13 0 288 1728 1840 1728
13 0 1824 1760 2016 1760
13 0 848 1760 1824 1760
13 0 1808 1792 2016 1792
13 0 1184 1792 1808 1792
13 0 1792 1824 2016 1824
13 0 1344 1824 1792 1824
13 0 1776 1856 2016 1856
13 0 1616 1856 1776 1856
13 0 1760 1888 2016 1888
13 0 576 1888 1760 1888
13 0 1744 1920 2016 1920
13 0 1408 1920 1744 1920
13 0 1728 1952 2016 1952
13 0 1616 1952 1728 1952
13 0 1712 2016 2016 2016
13 0 1184 2016 1712 2016
13 0 1696 2048 2016 2048
13 0 1344 2048 1696 2048
13 0 1680 2080 2016 2080
13 0 1664 2080 1680 2080
13 0 1792 1328 2016 1328
13 2 1792 1328 2016 1328
13 2 912 1328 1792 1328
13 0 1792 1360 2016 1360
13 2 1792 1360 2016 1360
13 2 1184 1360 1792 1360
13 0 1776 1392 2016 1392
13 2 1776 1392 2016 1392
13 2 1344 1392 1776 1392
13 0 1792 1424 2016 1424
13 2 1792 1424 2016 1424
13 2 1616 1424 1792 1424
13 0 1792 1328 912 1328
13 0 1792 1328 2016 1328
13 0 1792 1360 1184 1360
13 0 1792 1360 2016 1360
13 0 1776 1392 1344 1392
13 0 1776 1392 2016 1392
13 0 1792 1424 1616 1424
13 0 1792 1424 2016 1424
13 0 1792 1424 2016 1424
13 2 1792 1424 2016 1424
13 2 1616 1424 1792 1424
13 0 1776 1392 2016 1392
13 2 1776 1392 2016 1392
13 2 1344 1392 1776 1392
13 0 1792 1360 2016 1360
13 2 1792 1360 2016 1360
13 2 1184 1360 1792 1360
13 0 1792 1328 2016 1328
13 2 1792 1328 2016 1328
13 2 912 1328 1792 1328
13 0 1776 1472 2016 1472
13 2 1776 1472 2016 1472
13 2 1120 1472 1776 1472
13 0 1792 1504 2016 1504
13 2 1792 1504 2016 1504
13 2 1408 1504 1792 1504
13 0 1792 1536 2016 1536
13 2 1792 1536 2016 1536
13 2 1616 1536 1792 1536
13 0 1792 1584 2016 1584
13 2 1792 1584 2016 1584
13 2 400 1584 1792 1584
13 0 1792 1584 400 1584
13 0 1792 1584 2016 1584
13 0 1808 1584 2016 1584
13 2 1808 1584 2016 1584
13 2 400 1584 1808 1584
13 0 1808 1616 2016 1616
13 2 1808 1616 2016 1616
13 2 912 1616 1808 1616
13 0 1808 1648 2016 1648
13 2 1808 1648 2016 1648
13 2 1344 1648 1808 1648
13 0 1824 1680 2016 1680
13 2 1824 1680 2016 1680
13 2 1664 1680 1824 1680
13 0 1840 1728 2016 1728
13 2 1840 1728 2016 1728
13 2 288 1728 1840 1728
13 0 1840 1760 2016 1760
13 2 1840 1760 2016 1760
13 2 848 1760 1840 1760
13 0 1840 1792 2016 1792
13 2 1840 1792 2016 1792
13 2 1184 1792 1840 1792
13 0 1840 1824 2016 1824
13 2 1840 1824 2016 1824
13 2 1344 1824 1840 1824
13 0 1856 1856 2016 1856
13 2 1856 1856 2016 1856
13 2 1616 1856 1856 1856
13 0 1856 1888 2016 1888
13 2 1856 1888 2016 1888
13 2 576 1888 1856 1888
13 0 1856 1920 2016 1920
13 2 1856 1920 2016 1920
13 2 1408 1920 1856 1920
13 0 1840 1728 288 1728
13 0 1840 1728 2016 1728
13 0 1840 1760 848 1760
13 0 1840 1760 2016 1760
13 0 1840 1792 1184 1792
13 0 1840 1792 2016 1792
13 0 1840 1824 1344 1824
13 0 1840 1824 2016 1824
13 0 1856 1856 1616 1856
13 0 1856 1856 2016 1856
13 0 1856 1888 576 1888
13 0 1856 1888 2016 1888
13 0 1856 1920 1408 1920
13 0 1856 1920 2016 1920
13 0 1456 1728 2016 1728
13 2 1456 1728 2016 1728
13 2 288 1728 1456 1728
13 0 1456 1760 2016 1760
13 2 1456 1760 2016 1760
13 2 848 1760 1456 1760
13 0 1456 1792 2016 1792
13 2 1456 1792 2016 1792
13 2 1184 1792 1456 1792
13 0 1792 1824 2016 1824
13 2 1792 1824 2016 1824
13 2 1344 1824 1792 1824
13 0 1792 1824 1344 1824
13 0 1792 1824 2016 1824
13 0 1792 1856 2016 1856
13 2 1792 1856 2016 1856
13 2 1616 1856 1792 1856
13 0 1792 1824 2016 1824
13 2 1792 1824 2016 1824
13 2 1344 1824 1792 1824
13 0 1824 1888 2016 1888
13 2 1824 1888 2016 1888
13 2 576 1888 1824 1888
13 0 1792 1920 2016 1920
13 2 1792 1920 2016 1920
13 2 1408 1920 1792 1920
13 0 1808 1952 2016 1952
13 2 1808 1952 2016 1952
13 2 1616 1952 1808 1952
13 0 1808 2016 2016 2016
13 2 1808 2016 2016 2016
13 2 1184 2016 1808 2016
13 0 1824 2048 2016 2048
13 2 1824 2048 2016 2048
13 2 1344 2048 1824 2048
13 0 1824 2080 2016 2080
13 2 1824 2080 2016 2080
13 2 1664 2080 1824 2080
13 0 288 2176 288 2544
13 0 400 2192 400 2560
13 0 400 2576 400 2624
13 2 400 2576 400 2624
13 0 400 2560 400 2624
13 0 288 2544 288 2608
13 0 576 2208 576 2624
13 0 656 2192 656 2608
13 0 848 2208 848 2624
13 0 912 2208 912 2624
13 0 1120 2224 1120 2624
13 0 1184 2224 1184 2624
13 0 1344 2352 1344 2624
13 0 1408 2208 1408 2624
13 0 1616 2336 1616 2624
13 0 1664 2224 1664 2624
17 0 nd4 1712 1280 0
13 0 1712 1328 912 1328
13 0 1712 1360 1184 1360
13 0 1712 1392 1344 1392
13 0 1712 1424 1616 1424
