10 1 1
10 1 1
10 1 1
13 0 288 192 432 192
13 0 432 192 432 288
13 0 592 192 720 192
13 0 720 192 720 288
13 0 864 192 992 192
13 0 992 192 992 288
13 0 1136 192 1264 192
13 0 1264 192 1264 288
13 0 1360 192 1488 192
13 0 1488 192 1488 304
13 0 1632 208 1760 208
13 0 1760 208 1760 288
13 5 336 192 a
13 5 288 192 a
13 7 288 192
13 7 336 192
13 5 288 192 a
13 5 592 192 b
13 5 864 192 c
13 5 1136 192 d
13 5 1360 192 e
13 5 1632 208 f
13 8 272 192 1
13 8 288 192 1
13 8 592 192 1
13 8 864 192 1
13 8 1136 192 1
13 8 1360 192 1
13 8 1632 208 1
13 0 432 288 432 2192
13 0 720 288 720 2224
13 0 992 288 992 2224
13 0 1264 288 1264 2240
13 0 1488 304 1488 2304
13 0 1488 2304 1472 2304
13 2 1472 2304 1488 2304
13 0 1488 304 1488 2304
13 2 1488 304 1488 2304
13 0 1488 304 1488 2368
13 0 1760 288 1760 2352
13 0 432 288 544 288
13 0 544 288 544 368
17 0 inv 592 368 1
17 0 inv 848 368 1
17 0 inv 1104 368 1
17 0 inv 1376 368 1
17 0 inv 1600 368 1
17 0 inv 1856 368 1
13 0 720 288 800 288
13 0 800 288 800 352
13 0 800 352 800 384
13 0 800 352 800 368
13 0 800 368 800 384
13 2 800 368 800 384
13 0 800 352 800 368
13 2 800 352 800 368
13 0 800 352 800 368
13 0 992 304 1056 304
13 0 1056 304 1056 352
13 0 1056 352 1056 384
13 0 1056 352 1056 368
13 0 1056 368 1056 384
13 2 1056 368 1056 384
13 0 1056 352 1056 368
13 2 1056 352 1056 368
13 0 1056 352 1056 368
13 0 1264 320 1328 320
13 0 1328 320 1328 368
13 0 1488 320 1552 320
13 0 1552 320 1552 368
13 0 1760 336 1808 336
13 0 1808 336 1808 368
13 0 544 464 544 1984
13 0 544 1984 544 2208
13 0 800 464 800 2208
13 0 1056 464 1056 2224
13 0 1328 464 1328 2240
13 0 1552 464 1552 2224
13 0 1808 464 1808 2240
13 0 1968 112 1968 2416
13 0 1968 2416 240 2416
13 0 416 2176 416 2160
13 0 416 2160 432 2160
13 2 416 2160 432 2160
13 2 416 2160 416 2176
13 2 240 2416 1968 2416
13 2 1968 112 1968 2416
13 2 288 192 432 192
13 2 592 192 720 192
13 2 864 192 992 192
13 2 1136 192 1264 192
13 2 1360 192 1488 192
13 2 1632 208 1760 208
13 2 432 288 544 288
13 2 720 288 800 288
13 2 992 304 1056 304
13 2 1264 320 1328 320
13 2 1488 320 1552 320
13 2 1760 336 1808 336
13 0 432 192 432 288
13 2 432 192 432 288
13 2 432 288 432 2192
13 2 544 288 544 368
13 2 544 464 544 2208
13 0 720 192 720 288
13 2 720 192 720 288
13 2 720 288 720 2224
13 2 800 288 800 368
13 2 800 464 800 2208
13 0 992 192 992 304
13 2 992 192 992 304
13 2 992 304 992 2224
13 2 1056 304 1056 368
13 2 1056 464 1056 2224
13 0 1264 192 1264 320
13 2 1264 192 1264 320
13 2 1264 320 1264 2240
13 2 1328 320 1328 368
13 2 1328 464 1328 2240
13 0 1488 192 1488 320
13 2 1488 192 1488 320
13 2 1488 320 1488 2368
13 2 1552 320 1552 368
13 2 1552 464 1552 2224
13 0 1760 208 1760 336
13 2 1760 208 1760 336
13 2 1760 336 1760 2352
13 2 1808 336 1808 368
13 2 1808 464 1808 2240
13 7 288 192
13 8 288 192 0
13 7 592 192
13 8 592 192 0
13 7 864 192
13 8 864 192 0
13 7 1136 192
13 8 1136 192 0
13 7 1360 192
13 8 1360 192 0
13 7 1632 208
13 8 1632 208 0
17 0 6
17 0 5
17 0 4
17 0 3
17 0 2
17 0 1
17 0 inv 1712 352 1
17 0 inv 1456 352 1
17 0 inv 1232 352 1
17 0 inv 960 352 1
17 0 inv 704 352 1
17 0 inv 448 352 1
13 0 144 176 288 176
13 0 448 176 576 176
13 0 720 176 848 176
13 0 992 176 1120 176
13 0 1216 176 1344 176
13 0 1488 192 1616 192
13 0 288 272 400 272
13 0 576 272 656 272
13 0 848 288 912 288
13 0 1120 304 1184 304
13 0 1344 304 1408 304
13 0 1616 320 1664 320
13 0 288 176 288 272
13 0 288 272 288 2176
13 0 400 272 400 352
13 0 400 448 400 2192
13 0 576 176 576 272
13 0 576 272 576 2208
13 0 656 272 656 352
13 0 656 448 656 2192
13 0 848 176 848 288
13 0 848 288 848 2208
13 0 912 288 912 352
13 0 912 448 912 2208
13 0 1120 176 1120 304
13 0 1120 304 1120 2224
13 0 1184 304 1184 352
13 0 1184 448 1184 2224
13 0 1344 176 1344 304
13 0 1344 304 1344 2352
13 0 1408 304 1408 352
13 0 1408 448 1408 2208
13 0 1616 192 1616 320
13 0 1616 320 1616 2336
13 0 1664 320 1664 352
13 0 1664 448 1664 2224
13 5 144 176 a
13 5 448 176 b
13 5 720 176 c
13 5 992 176 d
13 5 1216 176 e
13 5 1488 192 f
13 8 288 192 1
13 8 592 192 1
13 8 864 192 1
13 8 1136 192 1
13 8 1360 192 1
13 8 1632 208 1
13 8 144 176 1
13 8 448 176 1
13 8 720 176 1
13 8 992 176 1
13 8 1216 176 1
13 8 1488 192 1
17 0 and4 1712 464 0
17 0 and3 1712 624 0
17 0 and4 1712 736 0
17 0 and5 1712 864 0
13 0 1712 512 912 512
13 0 1712 544 1184 544
13 0 1712 576 1344 576
13 0 1712 608 1616 608
13 0 1712 672 1120 672
13 0 1712 704 1408 704
13 0 1712 736 1616 736
13 0 1712 784 288 784
13 0 1712 816 848 816
13 0 1712 848 1344 848
13 0 1712 880 1664 880
13 2 1664 880 1712 880
13 2 1344 848 1712 848
13 2 848 816 1712 816
13 2 288 784 1712 784
13 2 1616 736 1712 736
13 2 1408 704 1712 704
13 2 1120 672 1712 672
13 2 1616 608 1712 608
13 2 1344 576 1712 576
13 2 1184 544 1712 544
13 2 912 512 1712 512
13 0 1712 512 912 512
13 0 1712 544 1184 544
13 0 1712 576 1344 576
13 0 1712 608 1616 608
13 0 1712 672 1120 672
13 0 1712 704 1408 704
13 0 1712 736 1616 736
13 0 1712 784 400 784
13 0 1712 816 912 816
13 0 1712 848 1344 848
13 0 1712 880 1664 880
13 0 1712 912 288 912
13 0 1712 944 848 944
13 0 1712 976 1184 976
13 0 1712 1008 1344 1008
13 0 1712 1040 1616 1040
17 0 or4 1904 672 0
13 0 1856 560 1888 560
13 0 1888 560 1888 720
13 0 1888 720 1904 720
13 0 1856 704 1856 752
13 0 1856 752 1904 752
13 0 1856 832 1856 784
13 0 1856 784 1904 784
13 0 1904 816 1904 976
13 0 1904 976 1856 976
17 0 and2 2064 720 0
13 0 2048 768 2080 768
13 0 2048 768 2064 768
13 0 2064 768 2080 768
13 2 2064 768 2080 768
13 2 2048 768 2064 768
13 0 2064 768 2048 768
13 0 2064 800 2000 800
13 0 2000 800 2000 816
13 0 2000 816 2000 1072
13 0 2000 1072 1840 1072
13 0 1840 1072 576 1072
17 0 and2 1712 1072 0
17 0 and3 1712 1168 0
13 0 1712 1120 1408 1120
13 0 1712 1152 1616 1152
13 0 1712 1216 1184 1216
13 0 1712 1248 1344 1248
13 0 1712 1280 1664 1280
17 0 or2 1888 1136 0
13 0 1856 1136 1856 1184
13 0 1856 1184 1888 1184
13 0 1888 1216 1856 1216
13 0 1856 1216 1856 1232
13 0 1856 1232 1856 1248
13 0 2032 1200 2032 848
13 0 2032 848 2208 848
13 2 2032 848 2208 848
13 2 2032 848 2032 1200
17 0 and2 2064 1056 0
13 0 2032 1200 2032 1136
13 0 2032 1136 2064 1136
13 0 2064 1104 2064 1088
13 0 2064 1088 2048 1088
13 0 2048 1088 400 1088
17 0 or2 2224 880 0
13 0 2208 784 2208 928
13 0 2208 928 2224 928
13 0 2208 1120 2208 960
13 0 2208 960 2224 960
13 5 2368 944 op
13 5 2368 944 op
13 5 2368 944 op
13 5 2368 944 op
13 0 2368 944 2416 944
13 5 2416 944 op
13 8 2416 944 2
