10 1 1
10 1 1
10 1 1
13 0 1664 2224 1664 2624
13 0 1616 2336 1616 2624
13 0 1408 2208 1408 2624
13 0 1408 2624 1424 2624
13 2 1408 2624 1424 2624
13 0 1408 2208 1408 2624
13 2 1408 2208 1408 2624
13 0 1408 2208 1408 2640
13 0 1344 2352 1344 2624
13 0 1184 2224 1184 2624
13 0 1120 2224 1120 2624
13 0 912 2208 912 2624
13 0 848 2208 848 2624
13 0 656 2192 656 2624
13 0 576 2208 576 2624
13 0 400 2192 400 2624
13 0 288 2176 288 2624
17 0 nd4 1728 1280 0
17 0 nd3 1728 1408 0
17 0 nd4 1728 1504 0
17 0 nd5 1728 1632 0
13 0 1728 1328 912 1328
13 0 1744 1360 1184 1360
13 0 1184 1360 1728 1360
13 0 1728 1360 1744 1360
13 2 1728 1360 1744 1360
13 2 1184 1360 1728 1360
13 0 1728 1360 1184 1360
13 0 1728 1392 1344 1392
13 0 1728 1424 1616 1424
13 0 1728 1456 1120 1456
13 0 1728 1488 1408 1488
13 0 1728 1520 1616 1520
13 0 1728 1552 288 1552
13 0 1728 1584 928 1584
13 0 928 1584 928 1600
13 2 928 1584 928 1600
13 2 928 1584 1728 1584
13 2 288 1552 1728 1552
13 0 1728 1552 400 1552
13 0 1728 1584 912 1584
13 0 912 1584 912 1600
13 0 1728 1616 1344 1616
13 0 1728 1648 1664 1648
13 0 1728 1680 288 1680
13 0 1728 1712 848 1712
13 0 1728 1744 1184 1744
13 0 1728 1776 1344 1776
13 0 1728 1808 1616 1808
17 0 nd4 1904 1440 0
13 0 1872 1376 1872 1472
13 0 1872 1472 1904 1472
13 0 1904 1472 1904 1488
13 0 1872 1488 1872 1520
13 0 1872 1520 1904 1520
13 0 1872 1600 1872 1552
13 0 1872 1552 1904 1552
13 0 1904 1584 1904 1744
13 0 1904 1744 1856 1744
13 0 1856 1744 1872 1744
13 0 1872 1744 1904 1744
13 2 1872 1744 1904 1744
13 2 1856 1744 1872 1744
13 2 1904 1584 1904 1744
13 0 1872 1744 1872 1712
13 0 1872 1712 1904 1712
13 2 1872 1712 1904 1712
13 2 1872 1712 1872 1744
13 0 1904 1584 1904 1744
13 0 1904 1744 1872 1744
17 0 nd2 2064 1488 0
13 0 2048 1536 2080 1536
13 0 2048 1536 2064 1536
13 0 2064 1536 2080 1536
13 2 2064 1536 2080 1536
13 2 2048 1536 2064 1536
13 0 2064 1536 2048 1536
13 0 2064 1568 2016 1568
13 0 2016 1568 2016 1600
13 0 2016 1600 2016 1840
13 0 2016 1840 1776 1840
13 0 1776 1840 576 1840
17 0 nd2 1728 1840 0
17 0 nd3 1728 1936 0
13 0 1728 1888 1408 1888
13 0 1728 1920 1616 1920
13 0 1728 1984 1184 1984
13 0 1728 2016 1344 2016
13 0 1728 2048 1664 2048
17 0 nd2 1904 1888 0
13 0 1872 1904 1872 1936
13 0 1872 1936 1904 1936
13 0 1904 1968 1904 2016
13 0 1904 2016 1872 2016
13 2 1872 2016 1904 2016
13 2 1904 1968 1904 2016
13 0 1904 1968 1872 1968
13 0 1872 1968 1872 1984
13 0 1872 1984 1872 2016
17 0 nd2 2064 1808 0
13 0 2048 1952 2048 1888
13 0 2048 1888 2064 1888
13 0 2064 1856 1104 1856
13 0 1104 1856 400 1856
17 0 nd2 2240 1648 0
13 0 2208 1552 2208 1696
13 0 2208 1696 2256 1696
13 0 2208 1696 2240 1696
13 0 2240 1696 2256 1696
13 2 2240 1696 2256 1696
13 2 2208 1696 2240 1696
13 2 2208 1552 2208 1696
13 0 2240 1696 2240 1552
13 0 2240 1552 2208 1552
13 0 2240 1728 2240 1872
13 0 2240 1872 2208 1872
13 0 2384 1712 2464 1712
13 5 2464 1712 opp
13 8 2464 1712 2
