10 1 1
10 1 1
10 1 1
13 0 128 160 224 160
13 0 224 160 224 224
13 0 272 160 368 160
13 0 368 160 368 208
13 0 448 160 528 160
13 0 528 160 528 208
13 0 592 176 688 176
13 0 688 176 688 240
13 2 688 176 688 240
13 2 592 176 688 176
13 0 624 160 704 160
13 0 704 160 704 224
13 0 800 176 864 176
13 0 864 176 864 208
13 2 864 176 864 208
13 2 800 176 864 176
13 0 800 160 880 160
13 0 880 160 880 208
13 0 944 160 1024 160
13 0 1024 160 1024 224
13 5 128 160 a
13 5 288 288 a
13 5 272 160 b
13 7 288 288
13 8 288 288 0
13 5 448 160 c
13 5 624 160 c
13 5 608 160 d
13 7 608 160
13 7 624 160
13 5 624 160 d
13 5 800 160 e
13 5 944 160 f
13 8 128 160 1
13 8 272 160 1
13 8 448 160 1
13 8 624 160 1
13 8 800 160 1
13 8 944 160 1
13 0 224 224 224 944
13 0 224 944 224 1936
13 0 368 208 368 1936
13 0 528 208 528 1936
13 0 704 224 704 1936
13 0 880 208 880 1952
13 0 1024 224 1024 1952
13 0 224 256 272 256
13 0 272 256 272 288
13 0 368 256 416 256
13 0 416 256 416 288
13 0 528 240 576 240
13 0 576 240 576 272
13 0 704 240 752 240
13 0 752 240 752 272
13 0 880 256 928 256
13 0 928 256 928 288
13 0 1024 256 1024 304
13 0 1024 304 1072 304
13 2 1024 304 1072 304
13 0 1024 256 1072 256
13 0 1072 256 1072 288
17 0 inv 320 288 1
17 0 inv 480 288 1
17 0 2
17 0 inv 464 288 1
17 0 inv 624 272 1
17 0 inv 800 272 1
17 0 inv 976 288 1
17 0 inv 1120 288 1
13 0 272 384 272 1344
13 0 272 1344 272 1936
13 0 416 384 416 1952
13 0 416 1952 432 1952
13 2 416 1952 432 1952
13 2 416 384 416 1952
13 0 416 384 416 1936
13 0 576 368 576 1936
13 0 752 368 752 1936
13 0 928 400 928 1936
13 0 1072 384 1072 1968
13 0 928 384 928 400
17 0 and2 1120 368 0
17 0 and2 1120 480 0
17 0 and3 1120 576 0
13 0 1120 416 880 416
13 0 1120 448 1072 448
13 0 1120 528 928 528
13 0 1120 560 1024 560
13 0 1120 624 368 624
13 0 1120 656 576 656
13 0 1120 688 1024 688
17 0 or3 1296 464 0
13 0 1264 432 1264 512
13 0 1264 512 1296 512
13 0 1264 544 1312 544
13 0 1264 544 1296 544
13 0 1296 544 1312 544
13 2 1296 544 1312 544
13 2 1264 544 1296 544
13 0 1264 544 1296 544
13 0 1296 576 1264 576
13 0 1264 576 1264 656
17 0 and2 1120 704 0
17 0 and4 1120 800 0
13 0 1120 752 928 752
13 0 1120 784 1024 784
13 0 1120 848 368 848
13 0 1120 880 576 880
13 0 1120 912 880 912
13 0 1120 944 1072 944
17 0 or2 1280 768 0
13 0 1264 768 1264 816
13 0 1264 816 1280 816
13 0 1264 896 1264 848
13 0 1264 848 1296 848
13 0 1264 848 1280 848
13 0 1280 848 1296 848
13 2 1280 848 1296 848
13 2 1264 848 1280 848
13 2 1264 848 1264 896
13 0 1264 896 1264 848
13 0 1264 848 1280 848
17 0 and4 1280 352 0
17 0 14
17 0 and4 1120 944 0
17 0 and4 1120 1072 0
13 0 1120 992 368 992
13 0 1120 1024 576 1024
13 0 576 1024 576 1040
13 0 1120 1056 880 1056
13 0 1120 1088 1024 1088
13 0 1120 1120 368 1120
13 0 1120 1152 528 1152
13 0 1120 1184 880 1184
13 0 1120 1216 1024 1216
17 0 or2 1280 1040 0
13 0 1264 1040 1264 1088
13 0 1264 1088 1280 1088
13 0 1264 1168 1264 1120
13 0 1264 1120 1280 1120
17 0 or4 1136 1216 0
17 0 17
17 0 and4 1120 1200 0
17 0 and4 1120 1328 0
13 0 1120 1248 368 1248
13 0 1120 1280 576 1280
13 0 1120 1312 928 1312
13 0 1120 1344 1024 1344
13 0 1120 1376 368 1376
13 0 1120 1408 528 1408
13 0 1120 1440 928 1440
13 0 1120 1472 1024 1472
17 0 or2 1280 1296 0
13 0 1264 1296 1264 1344
13 0 1264 1344 1280 1344
13 0 1264 1424 1264 1376
13 0 1264 1376 1280 1376
17 0 mux41 1600 736 0
13 0 1440 544 1440 784
13 0 1440 784 1600 784
13 0 1424 832 1424 816
13 0 1424 816 1440 816
13 0 1440 816 1616 816
13 0 1440 816 1600 816
13 0 1600 816 1616 816
13 2 1600 816 1616 816
13 0 1440 816 1600 816
13 2 1440 816 1600 816
13 0 1600 816 1440 816
13 0 1600 848 1440 848
13 0 1440 848 1440 976
13 0 1440 976 1440 1104
13 0 1440 1104 1424 1104
13 0 1600 880 1488 880
13 0 1488 880 1488 912
13 0 1488 912 1488 1360
13 0 1488 1360 1424 1360
13 0 1600 928 1552 928
13 0 1552 928 1552 1536
13 0 1552 1536 1104 1536
13 0 1104 1536 224 1536
13 0 1600 960 1600 1584
13 0 1600 1584 1424 1584
13 0 1424 1584 704 1584
13 0 1792 832 1872 832
13 5 1872 832 op
13 8 1872 832 2
13 2 1552 928 1600 928
13 0 1552 928 1552 992
13 2 1552 928 1552 992
13 2 1440 784 1600 784
13 2 1424 816 1600 816
13 2 1792 832 1872 832
13 2 1440 848 1600 848
13 2 1488 880 1600 880
13 2 1600 960 1600 1584
17 0 20
17 0 mux41 1616 736 0
13 0 1440 784 1616 784
13 0 1600 816 1616 816
13 0 1424 816 1600 816
13 0 1808 832 1872 832
13 0 1584 848 1616 848
13 0 1440 848 1584 848
13 0 1568 880 1616 880
13 0 1488 880 1568 880
13 0 1616 960 1616 992
13 0 1616 992 1600 992
13 0 1600 992 1600 1584
13 2 1600 992 1600 1584
13 2 1600 992 1616 992
13 2 1616 960 1616 992
13 0 1488 880 1568 880
13 2 1488 880 1568 880
13 2 1568 880 1616 880
13 0 1440 848 1584 848
13 2 1440 848 1584 848
13 2 1584 848 1616 848
13 2 1808 832 1872 832
13 0 1424 816 1600 816
13 2 1424 816 1600 816
13 2 1600 816 1616 816
13 2 1440 784 1616 784
17 0 20
17 0 mux41 1600 736 0
13 0 1600 960 1600 1584
13 0 1488 880 1600 880
13 0 1440 848 1600 848
13 0 1792 832 1872 832
13 0 1424 816 1600 816
13 0 1440 784 1600 784
13 0 1600 960 1600 1008
13 2 1600 960 1600 1008
13 0 1552 992 1552 960
13 0 1552 960 1584 960
13 0 1584 960 1600 960
13 0 1600 1008 1600 928
13 0 1600 928 1600 960
13 0 1600 960 1600 1008
13 2 1600 928 1600 960
13 0 1600 928 1600 1008
13 0 1600 928 1600 960
13 0 1600 960 1600 1008
13 2 1600 928 1600 960
13 0 1600 1008 1600 928
13 0 1600 928 1600 960
13 0 1600 960 1600 1008
13 2 1600 928 1600 960
13 0 1600 1008 1520 1008
13 0 1520 1008 1520 928
13 0 1520 928 1600 928
