Active-HDL 10.3.3558.6081  2017-11-14 00:09:06

Elaboration top modules:
VHDL Configuration            testbench_for_top


----------------------------------------------------------------------------------------------
Entity   | Architecture    | Library | Info | Compiler Version          | Compilation Options
----------------------------------------------------------------------------------------------
top_tb   | TB_ARCHITECTURE | lab111  |      | 10.3.3558.6081  (Windows) | -O3
TOP      | struct          | lab111  |      | 10.3.3558.6081  (Windows) | -O3
CTRL     | rtl             | lab111  |      | 10.3.3558.6081  (Windows) | -O3
MUX      | rtl             | lab111  |      | 10.3.3558.6081  (Windows) | -O3
ALU_s    | rtl             | lab111  |      | 10.3.3558.6081  (Windows) | -O3
ROM      | rtl             | lab111  |      | 10.3.3558.6081  (Windows) | -O3
CNT      | rtl             | lab111  |      | 10.3.3558.6081  (Windows) | -O3
REG      | rtl             | lab111  |      | 10.3.3558.6081  (Windows) | -O3
FLG      | rtl             | lab111  |      | 10.3.3558.6081  (Windows) | -O3
----------------------------------------------------------------------------------------------

----------------------------------------------------------------------------------------------
VHDL Configuration         | Library | Info | Compiler Version          | Compilation Options
----------------------------------------------------------------------------------------------
testbench_for_top          | lab111  |      | 10.3.3558.6081  (Windows) | -O3
----------------------------------------------------------------------------------------------

----------------------------------------------------------------------------------------------
VHDL Package               | Library | Info | Compiler Version          | Compilation Options
----------------------------------------------------------------------------------------------
standard                   | std     |      |                           | <unavailable>
TEXTIO                     | std     |      | 10.3.3558.6081  (Windows) |  -2008
std_logic_1164             | ieee    |      | 10.3.3558.6081  (Windows) |  -2008
NUMERIC_STD                | ieee    |      | 10.3.3558.6081  (Windows) |  -2008
----------------------------------------------------------------------------------------------

----------------------------------------------------------------------------------------------
Library                    | Comment
----------------------------------------------------------------------------------------------
ieee                       | Standard IEEE packages library
lab111                     | None
std                        | Standard VHDL library
----------------------------------------------------------------------------------------------
