10 1 1
10 1 1
10 1 1
13 0 256 240 256 448
13 0 400 240 400 464
13 0 528 224 528 448
13 0 640 240 640 448
13 5 256 240 CLK
13 5 400 240 x2
13 5 528 224 x3
13 5 640 240 x4
17 0 or2 704 464 0
17 0 xor2 912 480 0
13 0 848 528 896 528
17 0 inv 688 576 0
13 0 640 448 640 624
13 0 640 624 688 624
13 0 784 624 896 624
13 0 896 624 896 560
13 0 704 512 400 512
13 0 400 512 400 464
13 0 704 544 528 544
13 0 528 544 528 448
17 0 nd2 1136 496 0
17 0 nd2 1136 688 0
17 0 nd2 1424 496 0
17 0 nd2 1744 496 0
17 0 nd2 1744 736 0
17 0 nd2 2016 496 0
17 0 nd2 2016 736 0
17 0 nd3 1424 704 0
13 0 1056 544 1136 544
13 0 256 448 256 704
13 0 256 704 512 704
13 0 512 704 848 704
13 0 1072 544 1072 608
17 0 inv 1120 608 1
13 0 1072 704 1072 768
13 0 1072 768 1136 768
13 0 848 704 1136 704
13 0 848 704 1072 704
13 0 1072 704 1136 704
13 0 1136 704 1136 736
13 2 1136 704 1136 736
13 2 1072 704 1136 704
13 0 848 704 1072 704
13 2 848 704 1072 704
13 0 848 704 976 704
13 0 976 704 976 608
13 0 976 608 1120 608
13 0 976 608 1072 608
13 0 1072 608 1120 608
13 2 1072 608 1120 608
13 2 976 608 1072 608
13 0 1136 576 1136 736
13 0 976 608 1136 608
13 0 976 608 1072 608
13 0 1072 608 1136 608
13 0 1040 608 1072 608
13 2 1040 608 1072 608
13 2 976 608 1040 608
13 0 1072 608 976 608
17 0 12
13 0 1072 592 1072 544
13 2 1072 544 1072 592
13 2 1072 592 1072 608
13 0 1072 592 1072 608
13 0 1072 592 1072 544
13 0 1072 592 1072 544
13 2 1072 544 1072 592
13 2 1072 592 1072 608
13 0 1072 720 1072 704
13 2 1072 704 1072 720
13 2 1072 720 1072 768
13 0 1072 720 1072 768
13 0 1072 720 1072 704
13 0 1072 720 1072 704
13 2 1072 704 1072 720
13 2 1072 720 1072 768
17 0 inv 1120 656 1
13 0 1072 752 1072 768
13 0 1072 656 1072 544
13 0 1280 560 1424 560
13 0 1424 560 1424 544
13 0 1280 752 1392 752
13 0 1392 752 1392 784
13 0 1392 784 1424 784
13 0 1424 816 352 816
13 5 352 816 RESET
13 8 352 816 1
13 0 1424 752 1424 720
13 0 1424 720 1456 720
13 0 1424 576 1424 624
13 0 1424 624 1456 624
13 0 1568 560 1744 560
13 0 1744 560 1744 544
13 0 1568 784 1712 784
13 0 1712 784 1712 816
13 0 1712 816 1744 816
13 0 1456 720 1600 720
13 0 1600 720 1600 608
13 0 1600 608 1600 560
13 0 1456 624 1632 624
13 0 1632 624 1632 640
13 0 1632 640 1632 784
13 0 1744 576 1744 784
13 0 1744 672 1696 672
13 0 1696 672 1696 880
13 0 1696 880 1520 880
17 0 inv 1408 832 0
13 0 1520 880 1504 880
13 0 1408 880 576 880
13 0 576 880 608 880
13 2 576 880 1408 880
13 0 944 704 944 880
13 0 944 880 1056 880
13 0 1056 880 1424 880
13 0 1056 880 1408 880
13 0 1408 880 1424 880
13 2 1408 880 1424 880
13 0 1056 880 1408 880
13 2 1056 880 1408 880
13 0 1056 880 1408 880
13 0 1888 560 2016 560
13 0 2016 560 2016 544
13 0 1888 800 2016 800
13 0 2016 800 2016 816
13 2 2016 800 2016 816
13 2 1888 800 2016 800
13 0 1888 800 2016 800
13 0 2016 800 2016 816
13 0 2016 576 2016 624
13 0 2016 624 2160 624
13 0 2160 624 2160 640
13 0 2160 560 2320 560
13 0 2160 800 2336 800
13 0 2160 640 2160 704
13 0 2160 640 2160 704
13 2 2160 640 2160 704
13 2 2160 800 2336 800
13 2 2160 560 2320 560
13 2 2160 624 2160 640
13 2 2016 624 2160 624
13 0 2016 624 2240 624
13 0 2160 560 2288 560
13 0 2160 800 2336 800
13 0 2240 624 2240 800
13 0 2016 784 2016 688
13 0 2016 688 2032 688
13 0 2032 688 2256 688
13 0 2256 688 2256 560
13 0 2288 560 2320 560
13 5 2320 560 Q
13 7 2320 560
13 5 2320 560 Q2
13 5 2336 800 nQ2
13 0 1648 560 1648 448
13 5 1648 448 Q1
13 8 1648 448 2
13 8 2320 560 2
13 8 2336 800 2
13 8 256 240 1
13 8 400 240 1
13 8 528 224 1
13 8 640 240 1
13 0 1104 544 1104 384
13 5 1104 384 D
13 8 1104 384 2
