10 1 1
10 1 1
10 1 1
17 0 mux41 368 352 0
17 0 and2 624 400 0
17 0 fd1s3ax 848 416 0
13 0 560 448 624 448
13 0 768 464 848 464
13 2 560 448 624 448
13 2 768 464 848 464
17 0 3
17 0 2
17 0 1
17 0 fd1s3ax 3088 2336 0
17 0 and2 2864 2320 0
17 0 mux41 2608 2272 0
13 0 2800 2368 2864 2368
13 0 3008 2384 3088 2384
13 0 3312 2384 3376 2384
13 0 3376 2384 3376 2016
13 5 3376 2016 Q0
13 8 3376 2016 2
17 0 fd1s3ax 2160 2336 0
13 0 2608 2320 2608 2224
13 0 2608 2224 2672 2224
13 0 2672 2224 3376 2224
13 0 2384 2384 2576 2384
13 0 2576 2384 2576 2352
13 0 2576 2352 2608 2352
13 0 2416 2384 2416 2048
13 5 2416 2048 Q1
13 8 2416 2048 2
13 0 2608 2384 2592 2384
13 0 2592 2384 2592 2400
13 0 2592 2400 2544 2400
13 0 2544 2400 2544 2592
13 5 2544 2592 DL
13 8 2544 2592 1
13 0 2608 2416 2576 2416
13 0 2576 2416 2576 2432
13 0 2576 2432 2576 2576
13 5 2576 2576 D0
13 8 2576 2576 1
13 0 240 2064 304 2064
13 5 240 2064 A1
13 0 208 2112 304 2112
13 5 208 2112 A2
13 8 208 2112 1
13 8 240 2064 1
13 0 304 2064 352 2064
13 0 352 2064 352 2592
13 0 352 2592 544 2592
13 0 544 2592 2704 2592
13 0 544 2592 2544 2592
13 2 352 2592 544 2592
13 2 352 2064 352 2592
13 0 304 2064 352 2064
13 2 304 2064 352 2064
13 8 240 2064 1
13 8 240 2064 0
13 8 208 2112 1
13 8 208 2112 0
13 7 208 2112
13 2 208 2112 304 2112
13 7 240 2064
13 2 240 2064 304 2064
13 0 3376 1872 1184 1872
13 2 1184 1872 3376 1872
13 0 2608 2464 2608 2336
13 0 2608 2336 2608 2416
13 0 2608 2336 2608 2384
13 0 2608 2336 2608 2352
13 0 2608 2352 2608 2384
13 2 2608 2336 2608 2352
13 0 2608 2464 2512 2464
13 0 2512 2464 2512 2432
13 0 2512 2432 2512 1968
13 0 2608 2496 2480 2496
13 0 2480 2496 2480 1968
13 0 2512 1968 2512 1920
13 0 2512 1920 912 1920
13 0 2480 1968 912 1968
13 0 912 1920 336 1920
13 0 912 1968 336 1968
13 5 336 1920 A0
13 5 336 1968 A1
13 8 336 1920 1
13 8 336 1968 1
17 0 mux41 1904 2288 0
13 0 2160 2384 2096 2384
13 0 1808 1920 1808 2480
13 0 1808 2480 1904 2480
13 0 1728 1968 1728 2512
13 0 1728 2512 1904 2512
13 2 2096 2384 2160 2384
13 2 1808 2480 1904 2480
13 2 1728 2512 1904 2512
13 2 1728 1968 1728 2512
13 2 1808 1920 1808 2480
17 0 5
17 0 mux41 1712 2288 0
13 0 1904 2384 1952 2384
13 0 1952 2384 2160 2384
13 0 1616 2480 1712 2480
13 0 1536 2512 1712 2512
13 0 1536 2096 1536 2512
13 0 1536 2080 1536 2096
13 0 1536 2080 1728 2080
13 0 1728 1968 1728 2080
13 0 1616 2096 1616 2480
13 0 1616 2096 1808 2096
13 0 1808 1920 1808 2096
13 0 1808 2000 1808 1920
13 2 1808 1920 1808 2000
13 2 1808 2000 1808 2096
13 0 1728 2016 1728 1968
13 2 1728 1968 1728 2016
13 2 1728 2016 1728 2080
13 0 1776 2096 1808 2096
13 2 1776 2096 1808 2096
13 2 1616 2096 1776 2096
13 0 1632 2080 1728 2080
13 2 1632 2080 1728 2080
13 2 1536 2080 1632 2080
13 0 2000 2384 2160 2384
13 2 2000 2384 2160 2384
13 2 1904 2384 2000 2384
17 0 and2 1952 2336 0
13 0 1904 2384 1952 2384
13 0 2096 2400 2144 2400
13 0 2144 2400 2144 2384
13 0 2144 2384 2160 2384
13 0 1616 2096 1616 1920
13 0 1536 2080 1536 1968
13 2 1904 2384 1952 2384
13 2 2096 2400 2144 2400
13 2 1616 2480 1712 2480
13 2 1536 2512 1712 2512
13 2 1536 1968 1536 2512
13 2 1616 1920 1616 2480
17 0 6
17 0 5
17 0 and2 1952 2320 0
17 0 mux41 1712 2272 0
13 0 1904 2368 1952 2368
13 0 2096 2384 2096 2400
13 0 2096 2400 2144 2400
13 0 1616 2464 1712 2464
13 0 1536 2496 1712 2496
13 0 1536 2240 1536 2496
13 0 1536 1968 1536 2240
13 0 1616 2240 1616 2464
13 0 1616 2224 1616 2240
13 0 1616 1920 1616 2224
13 0 2112 2400 2144 2400
13 2 2112 2400 2144 2400
13 2 2096 2400 2112 2400
13 2 2096 2384 2096 2400
13 2 2144 2384 2144 2400
13 0 2144 2384 2096 2384
13 0 1712 2320 1712 2240
13 0 1712 2240 1760 2240
13 0 1760 2240 2416 2240
13 0 1712 2352 1504 2352
17 0 fd1s3ax 1264 2304 0
13 0 1488 2352 1504 2352
17 0 and2 1088 2288 0
17 0 mux41 864 2240 0
13 0 1056 2336 1088 2336
13 0 1232 2352 1264 2352
13 0 1504 2352 1504 1888
13 2 1504 1888 1504 2352
13 0 1488 2352 1488 2032
13 5 1488 2032 Q2
13 8 1488 2032 2
13 0 1712 2384 1696 2384
13 0 1696 2384 1696 2224
13 0 1696 2224 1776 2224
13 0 1776 2224 2560 2224
13 0 2560 2224 2560 2208
13 0 2560 2208 2576 2208
13 0 2576 2208 3376 2208
13 0 1712 2416 1712 2576
13 0 1712 2416 1712 2496
13 0 1712 2416 1712 2464
13 0 1712 2464 1712 2496
13 2 1712 2416 1712 2464
13 0 1712 2416 1696 2416
13 0 1696 2416 1696 2576
13 5 1696 2576 D1
13 8 1696 2576 1
13 0 864 2288 864 2208
13 0 864 2208 928 2208
13 0 928 2208 1488 2208
13 0 864 2320 816 2320
17 0 fd1s3ax 576 2272 0
13 0 800 2320 816 2320
17 0 and2 400 2256 0
17 0 mux41 192 2208 0
13 0 384 2304 400 2304
13 0 544 2320 576 2320
13 0 816 2320 816 2032
13 5 816 2032 Q3
13 8 816 2032 2
13 0 864 2352 848 2352
13 0 848 2352 848 2192
13 0 848 2192 976 2192
13 0 976 2192 1712 2192
13 0 1712 2192 2416 2192
13 0 864 2384 832 2384
13 0 832 2384 832 2576
13 5 832 2576 D2
13 8 832 2576 1
13 0 864 2432 848 2432
13 0 848 2432 848 2368
13 0 848 2368 832 2368
13 0 832 2368 832 1920
13 0 864 2464 816 2464
13 0 816 2464 800 2464
13 0 800 2464 800 1968
13 0 800 1968 800 2320
13 0 768 1968 768 2240
13 0 768 2240 784 2240
13 0 784 2240 784 2464
13 0 784 2464 800 2464
13 0 192 2400 80 2400
13 0 80 2400 80 2384
13 2 80 2384 80 2400
13 2 80 2400 192 2400
13 0 192 2400 96 2400
13 0 96 2400 96 2016
13 0 96 2016 160 2016
13 0 160 2016 368 2016
13 0 368 2016 368 1920
13 0 192 2432 112 2432
13 0 112 2432 112 2416
13 0 112 2416 112 2032
13 0 112 2032 368 2032
13 0 368 2032 384 2032
13 0 384 2032 384 1968
13 0 192 2256 192 2176
13 0 192 2176 256 2176
13 0 256 2176 816 2176
13 0 336 1872 480 1872
13 5 336 1872 CLK
13 8 336 1872 1
13 0 576 2352 560 2352
13 0 560 2352 560 1872
13 0 560 1872 480 1872
13 0 560 2352 560 2480
13 0 560 2480 560 2528
13 0 560 2528 1312 2528
13 0 1264 2384 1264 2528
13 0 1296 2528 1312 2528
13 2 1296 2528 1312 2528
13 2 1264 2528 1296 2528
13 0 1296 2528 1264 2528
13 0 1296 2528 1312 2528
13 0 1296 2528 1312 2528
13 2 1296 2528 1312 2528
13 2 1264 2528 1296 2528
13 0 1264 2528 1264 2544
13 0 1264 2544 2160 2544
13 0 2160 2544 2160 2416
13 0 2160 2544 3088 2544
13 0 3088 2416 3088 2544
13 0 336 1840 432 1840
13 5 336 1840 RST
13 8 336 1840 1
13 0 400 2336 400 1840
13 0 400 1840 400 2304
13 0 400 2304 400 2336
13 2 400 1840 432 1840
13 0 400 1840 400 1856
13 2 400 1840 400 1856
13 0 400 1840 400 1856
13 0 400 1840 400 1856
13 2 400 1840 400 1856
13 0 400 1840 400 1856
13 0 400 1840 432 1840
13 2 400 2304 400 2336
13 2 400 1840 400 2304
13 2 336 1840 432 1840
13 0 400 2336 400 1840
13 0 400 1840 400 2304
13 0 400 2304 400 2336
13 0 400 1840 336 1840
13 0 400 2336 400 2544
13 0 400 2544 592 2544
13 0 592 2544 1088 2544
13 0 1088 2544 1088 2368
13 0 1088 2544 1248 2544
13 0 1248 2544 1248 2560
13 0 1248 2560 1952 2560
13 0 1952 2560 1952 2400
13 0 1952 2560 2864 2560
13 0 2864 2560 2864 2400
13 0 192 2320 176 2320
13 0 176 2320 176 2160
13 0 176 2160 224 2160
13 0 224 2160 1168 2160
13 0 1168 2160 1488 2160
13 0 192 2352 192 2576
13 0 192 2352 192 2432
13 0 192 2352 192 2400
13 0 192 2400 192 2432
13 2 192 2352 192 2400
13 0 192 2352 176 2352
13 0 176 2352 176 2576
13 5 176 2576 D3
13 8 176 2576 1
17 0 mux41 176 1040 0
17 0 13
17 0 mux41 176 1216 0
17 0 and2 400 1264 0
17 0 fd1s3ax 576 1280 0
17 0 mux41 880 1216 0
17 0 mux41 1744 1216 0
17 0 mux41 2512 1216 0
17 0 and2 1120 1264 0
17 0 and2 1968 1264 0
17 0 18
17 0 fd1s3ax 1312 1280 0
17 0 fd1s3ax 2160 1280 0
13 0 544 1328 576 1328
13 0 368 1312 400 1312
13 0 1264 1328 1312 1328
13 0 1072 1312 1120 1312
13 0 2112 1328 2160 1328
13 0 2384 1328 2464 1328
13 0 2464 1328 2464 1280
13 0 2464 1280 2464 944
13 0 1536 1328 1600 1328
13 0 1600 1328 1600 912
13 0 800 1328 832 1328
13 0 832 1328 832 896
13 0 400 1840 400 1344
13 0 400 1600 1136 1600
13 0 1136 1600 1136 1520
13 2 1136 1520 1136 1600
13 2 400 1600 1136 1600
13 0 1120 1344 1120 1568
13 0 1120 1568 400 1568
13 0 1120 1568 1968 1568
13 0 1968 1568 1968 1344
13 0 560 1872 560 1360
13 0 560 1360 576 1360
13 0 560 1616 1312 1616
13 0 1312 1616 1312 1360
13 0 1312 1616 2160 1616
13 0 2160 1616 2160 1360
13 5 832 896 Q4
13 5 1600 912 Q5
13 5 2464 944 Q6
13 0 192 2288 160 2288
13 0 160 2288 160 1664
13 0 160 1664 672 1664
13 0 672 1664 816 1664
13 0 816 1664 816 1648
13 0 816 1328 816 1648
13 8 832 896 2
13 8 1600 912 2
13 8 1744 2720 2
13 8 2464 944 2
13 0 432 1920 432 1600
13 0 432 1600 160 1600
13 0 160 1600 160 1408
13 0 160 1408 176 1408
13 0 176 1440 176 1584
13 0 176 1584 256 1584
13 0 256 1584 464 1584
13 0 464 1584 464 1632
13 0 464 1632 464 1968
13 0 880 1408 832 1408
13 0 832 1408 832 1440
13 0 832 1440 832 1904
13 0 832 1904 848 1904
13 0 848 1904 848 1920
13 0 880 1440 880 1968
13 0 1744 1408 1712 1408
13 0 1712 1408 1712 1424
13 0 1712 1424 1712 1920
13 0 1744 1440 1744 1968
13 0 176 1264 176 1184
13 0 176 1184 256 1184
13 0 256 1184 832 1184
13 0 176 1296 160 1296
13 0 160 1296 160 1168
13 0 160 1168 224 1168
13 0 224 1168 1056 1168
13 0 1056 1168 1600 1168
13 0 176 1328 128 1328
13 0 128 1328 128 1344
13 0 128 1344 128 2128
13 0 128 2128 816 2128
13 0 176 1360 112 1360
13 5 112 1360 D4
13 8 112 1360 1
13 2 112 1360 176 1360
13 7 112 1360
13 8 112 1360 0
13 0 128 1360 176 1360
13 5 128 1360 D4
13 2 128 1360 176 1360
13 0 112 1360 176 1360
13 5 112 1360 D4
13 8 112 1360 1
13 2 112 1360 176 1360
13 7 112 1360
13 8 112 1360 0
13 0 144 1360 176 1360
13 5 144 1360 D4
13 8 112 1360 1
13 8 144 1360 1
13 0 128 1408 128 1328
13 2 128 1328 128 1408
13 2 128 1408 128 2128
13 0 144 1392 144 2128
13 0 144 2128 128 2128
13 0 144 1392 144 1328
13 0 144 1328 144 1360
13 8 144 1360 1
13 0 144 1360 144 1392
13 2 144 1328 144 1360
13 2 144 1392 144 2128
13 0 128 1408 128 2128
13 0 128 1328 128 1408
13 8 144 1360 1
13 8 144 1360 1
13 0 128 1408 128 1328
13 2 128 1328 128 1408
13 2 128 1408 128 2128
13 0 160 1408 160 2128
13 0 128 1408 128 2128
13 0 128 1328 128 1408
13 0 880 1264 880 1184
13 0 880 1184 928 1184
13 0 928 1184 1600 1184
13 0 880 1296 864 1296
13 0 864 1296 864 1152
13 0 864 1152 912 1152
13 0 912 1152 1712 1152
13 0 1712 1152 2464 1152
13 0 880 1328 832 1328
13 0 880 1360 848 1360
13 0 848 1360 848 1120
13 5 848 1120 D5
13 8 848 1120 1
13 0 1744 1264 1744 1184
13 0 1744 1184 1808 1184
13 0 1808 1184 2464 1184
13 0 1744 1296 1712 1296
13 0 1712 1296 1712 1088
13 5 1712 1088 DR
13 8 1712 1088 1
13 0 1744 1328 1600 1328
13 0 1744 1360 1680 1360
13 0 1680 1360 1680 1104
13 5 1680 1104 D6
13 8 1680 1104 1
13 8 1712 1088 1
13 0 1968 1312 1936 1312
13 7 336 1840
13 8 336 1840 0
13 8 336 1840 0
13 5 336 1840 reset
13 8 336 1840 1
13 0 400 2272 400 1840
13 2 400 1840 400 2272
13 2 400 2272 400 2304
13 0 400 2320 400 2304
13 2 400 2304 400 2320
13 2 400 2320 400 2336
13 0 400 1840 400 2080
13 0 400 2080 224 2080
13 0 224 2080 144 2080
13 0 144 2080 144 2144
13 0 144 2144 144 2480
13 0 144 2480 160 2480
13 2 144 2480 160 2480
13 2 144 2080 144 2480
13 0 400 2544 160 2544
13 0 144 2080 144 2544
13 0 144 2544 160 2544
