10 1 1
10 1 1
10 1 1
13 2 480 1184 1216 1184
13 2 1216 1184 1904 1184
13 2 1904 1184 2576 1184
13 2 2576 1280 2640 1280
13 2 1152 1296 1232 1296
13 2 1888 1296 1920 1296
13 2 688 1312 736 1312
13 2 1424 1312 1472 1312
13 2 2112 1312 2160 1312
13 2 448 1328 496 1328
13 2 880 1328 928 1328
13 2 1152 1328 1232 1328
13 2 1616 1328 1664 1328
13 2 1888 1328 1920 1328
13 2 2304 1328 2352 1328
13 2 480 1360 496 1360
13 2 1216 1360 1232 1360
13 2 1904 1360 1920 1360
13 2 1888 1392 1904 1392
13 2 480 1408 496 1408
13 2 1216 1408 1232 1408
13 2 1888 1408 1920 1408
13 2 272 1488 736 1488
13 2 736 1488 1472 1488
13 2 1472 1488 2160 1488
13 2 288 1504 928 1504
13 2 928 1504 1664 1504
13 2 1664 1504 2352 1504
13 2 320 1520 480 1520
13 2 480 1520 1216 1520
13 2 1216 1520 1888 1520
13 2 336 1536 496 1536
13 2 496 1536 1232 1536
13 2 1232 1536 1920 1536
13 2 464 1568 1904 1568
13 2 448 1328 448 1920
13 2 464 1568 464 2112
13 2 480 1184 480 1360
13 2 480 1408 480 1520
13 2 496 1088 496 1264
13 2 496 1296 496 1328
13 2 496 1440 496 1536
13 2 736 1344 736 1488
13 2 928 1360 928 1504
13 0 1152 1136 1152 1296
13 2 1152 1136 1152 1296
13 2 1152 1296 1152 1328
13 2 1152 1328 1152 2112
13 2 1216 1184 1216 1360
13 2 1216 1408 1216 1520
13 2 1232 1120 1232 1264
13 2 1232 1440 1232 1536
13 2 1472 1344 1472 1488
13 2 1664 1360 1664 1504
13 0 1888 1136 1888 1296
13 2 1888 1136 1888 1296
13 2 1888 1296 1888 1328
13 2 1888 1328 1888 1392
13 2 1888 1408 1888 1520
13 2 1904 1184 1904 1360
13 2 1904 1392 1904 1568
13 2 1920 1088 1920 1264
13 2 1920 1440 1920 1536
13 2 2160 1344 2160 1488
13 2 2352 1360 2352 1504
13 0 2576 1136 2576 1184
13 2 2576 1136 2576 1184
13 0 2576 1184 2576 1280
13 2 2576 1184 2576 1280
13 2 2576 1280 2576 1328
13 2 2640 1280 2640 2080
13 7 496 1088
13 8 496 1088 0
13 7 1152 1136
13 8 1152 1136 0
13 7 1232 1120
13 8 1232 1120 0
13 7 1888 1136
13 8 1888 1136 0
13 7 1920 1088
13 8 1920 1088 0
13 7 2576 1136
13 8 2576 1136 0
17 0 15
17 0 14
17 0 13
17 0 9
17 0 10
17 0 11
17 0 16
17 0 17
17 0 18
17 0 fd1s3ax 1008 1392 0
17 0 fd1s3ax 1744 1392 0
17 0 fd1s3ax 2432 1392 0
17 0 and2 816 1376 0
17 0 and2 1552 1376 0
17 0 and2 2240 1376 0
17 0 mux41 576 1328 0
17 0 mux41 1312 1328 0
17 0 mux41 2000 1328 0
13 0 560 1296 1296 1296
13 0 1296 1296 1984 1296
13 0 1984 1296 2656 1296
13 0 2656 1392 2720 1392
13 0 1232 1408 1312 1408
13 0 1968 1408 2000 1408
13 0 768 1424 816 1424
13 0 1504 1424 1552 1424
13 0 2192 1424 2240 1424
13 0 528 1440 576 1440
13 0 960 1440 1008 1440
13 0 1232 1440 1312 1440
13 0 1696 1440 1744 1440
13 0 1968 1440 2000 1440
13 0 2384 1440 2432 1440
13 0 560 1472 576 1472
13 0 1296 1472 1312 1472
13 0 1984 1472 2000 1472
13 0 1968 1504 1984 1504
13 0 560 1520 576 1520
13 0 1296 1520 1312 1520
13 0 1968 1520 2000 1520
13 0 464 1600 816 1600
13 0 464 1600 464 1488
13 0 272 1488 464 1488
13 0 816 1600 1552 1600
13 0 1552 1600 2240 1600
13 0 464 1616 1008 1616
13 0 448 1616 464 1616
13 0 448 1616 448 1504
13 0 288 1504 448 1504
13 0 1008 1616 1744 1616
13 0 1744 1616 2432 1616
13 0 464 1632 560 1632
13 0 432 1632 464 1632
13 0 432 1632 432 1520
13 0 320 1520 432 1520
13 0 560 1632 1296 1632
13 0 1296 1632 1968 1632
13 0 464 1648 576 1648
13 0 416 1648 464 1648
13 0 416 1648 416 1536
13 0 336 1536 416 1536
13 0 576 1648 1312 1648
13 0 1312 1648 2000 1648
13 0 544 1680 1984 1680
13 0 528 1440 528 1760
13 0 528 1760 448 1760
13 0 448 1760 448 1920
13 0 544 1680 544 1760
13 0 544 1776 544 1760
13 0 544 1776 464 1776
13 0 464 1776 464 2112
13 0 560 1296 560 1472
13 0 560 1520 560 1632
13 0 576 1200 576 1376
13 0 576 1408 576 1440
13 0 576 1552 576 1648
13 0 816 1456 816 1600
13 0 1008 1472 1008 1616
13 0 1232 1248 1232 1408
13 0 1232 1408 1232 1440
13 0 1232 1440 1232 1760
13 0 1232 1792 1232 1760
13 0 1232 1792 1152 1792
13 0 1152 1792 1152 2112
13 0 1296 1296 1296 1472
13 0 1296 1520 1296 1632
13 0 1312 1232 1312 1376
13 0 1312 1552 1312 1648
13 0 1552 1456 1552 1600
13 0 1744 1472 1744 1616
13 0 1968 1248 1968 1408
13 0 1968 1408 1968 1440
13 0 1968 1440 1968 1504
13 0 1968 1520 1968 1632
13 0 1984 1296 1984 1472
13 0 1984 1504 1984 1680
13 0 2000 1200 2000 1376
13 0 2000 1552 2000 1648
13 0 2240 1456 2240 1600
13 0 2432 1472 2432 1616
13 0 2656 1248 2656 1296
13 0 2656 1296 2656 1392
13 0 2656 1392 2656 1440
13 0 2720 1392 2720 1760
13 0 2720 1808 2720 1760
13 0 2720 1808 2640 1808
13 0 2640 1808 2640 2080
13 5 576 1200 x4
13 5 1232 1248 Q4
13 5 1312 1232 x5
13 5 1968 1248 Q5
13 5 2000 1200 x6
13 5 2656 1248 Q6
13 8 496 1088 1
13 8 1152 1136 2
13 8 1232 1120 1
13 8 1888 1136 2
13 8 1920 1088 1
13 8 2576 1136 2
13 8 576 1200 1
13 8 1232 1248 2
13 8 1312 1232 1
13 8 1968 1248 2
13 8 2000 1200 1
13 8 2656 1248 2
13 2 2640 1808 2640 2080
13 2 2640 1808 2720 1808
13 0 2720 1808 2720 1760
13 2 2720 1760 2720 1808
13 2 2720 1392 2720 1760
13 2 2656 1392 2656 1440
13 2 2656 1296 2656 1392
13 2 2656 1248 2656 1296
13 2 2432 1472 2432 1616
13 2 2240 1456 2240 1600
13 2 2000 1552 2000 1648
13 2 2000 1200 2000 1376
13 2 1984 1504 1984 1680
13 2 1984 1296 1984 1472
13 2 1968 1520 1968 1632
13 2 1968 1440 1968 1504
13 2 1968 1408 1968 1440
13 2 1968 1248 1968 1408
13 2 1744 1472 1744 1616
13 2 1552 1456 1552 1600
13 2 1312 1552 1312 1648
13 2 1312 1232 1312 1376
13 2 1296 1520 1296 1632
13 2 1296 1296 1296 1472
13 2 1152 1792 1152 2112
13 2 1152 1792 1232 1792
13 0 1232 1792 1232 1760
13 2 1232 1760 1232 1792
13 2 1232 1440 1232 1760
13 2 1232 1408 1232 1440
13 2 1232 1248 1232 1408
13 2 1008 1472 1008 1616
13 2 816 1456 816 1600
13 2 576 1552 576 1648
13 2 576 1408 576 1440
13 2 576 1200 576 1376
13 2 560 1520 560 1632
13 2 560 1296 560 1472
13 2 464 1776 464 2112
13 2 464 1776 544 1776
13 0 544 1776 544 1760
13 2 544 1760 544 1776
13 2 544 1680 544 1760
13 2 448 1760 448 1920
13 2 448 1760 528 1760
13 2 528 1440 528 1760
13 2 544 1680 1984 1680
13 0 1312 1648 2000 1648
13 2 1312 1648 2000 1648
13 0 576 1648 1312 1648
13 2 576 1648 1312 1648
13 2 336 1536 416 1536
13 2 416 1536 416 1648
13 0 416 1648 464 1648
13 2 416 1648 464 1648
13 2 464 1648 576 1648
13 0 1296 1632 1968 1632
13 2 1296 1632 1968 1632
13 0 560 1632 1296 1632
13 2 560 1632 1296 1632
13 2 320 1520 432 1520
13 2 432 1520 432 1632
13 0 432 1632 464 1632
13 2 432 1632 464 1632
13 2 464 1632 560 1632
13 0 1744 1616 2432 1616
13 2 1744 1616 2432 1616
13 0 1008 1616 1744 1616
13 2 1008 1616 1744 1616
13 2 288 1504 448 1504
13 2 448 1504 448 1616
13 0 448 1616 464 1616
13 2 448 1616 464 1616
13 2 464 1616 1008 1616
13 0 1552 1600 2240 1600
13 2 1552 1600 2240 1600
13 0 816 1600 1552 1600
13 2 816 1600 1552 1600
13 2 272 1488 464 1488
13 2 464 1488 464 1600
13 2 464 1600 816 1600
13 2 1968 1520 2000 1520
13 2 1296 1520 1312 1520
13 2 560 1520 576 1520
13 2 1968 1504 1984 1504
13 2 1984 1472 2000 1472
13 2 1296 1472 1312 1472
13 2 560 1472 576 1472
13 2 2384 1440 2432 1440
13 2 1968 1440 2000 1440
13 2 1696 1440 1744 1440
13 2 1232 1440 1312 1440
13 2 960 1440 1008 1440
13 2 528 1440 576 1440
13 2 2192 1424 2240 1424
13 2 1504 1424 1552 1424
13 2 768 1424 816 1424
13 2 1968 1408 2000 1408
13 2 1232 1408 1312 1408
13 2 2656 1392 2720 1392
13 0 1984 1296 2656 1296
13 2 1984 1296 2656 1296
13 0 1296 1296 1984 1296
13 2 1296 1296 1984 1296
13 2 560 1296 1296 1296
13 7 2656 1248
13 8 2656 1248 0
13 7 2000 1200
13 8 2000 1200 0
13 7 1968 1248
13 8 1968 1248 0
13 7 1312 1232
13 8 1312 1232 0
13 7 1232 1248
13 8 1232 1248 0
13 7 576 1200
13 8 576 1200 0
17 0 18
17 0 17
17 0 16
17 0 11
17 0 10
17 0 9
17 0 13
17 0 14
17 0 15
17 0 fd1s3ax 928 1280 0
17 0 fd1s3ax 1664 1280 0
17 0 fd1s3ax 2352 1280 0
17 0 and2 736 1264 0
17 0 and2 1472 1264 0
17 0 and2 2160 1264 0
17 0 mux41 496 1216 0
17 0 mux41 1232 1216 0
17 0 mux41 1920 1216 0
13 0 2640 1280 2640 2080
13 0 2576 1280 2576 1328
13 0 2576 1184 2576 1280
13 0 2576 1136 2576 1184
13 0 2352 1360 2352 1504
13 0 2160 1344 2160 1488
13 0 1920 1440 1920 1536
13 0 1920 1088 1920 1264
13 0 1904 1392 1904 1568
13 0 1904 1184 1904 1360
13 0 1888 1408 1888 1520
13 0 1888 1328 1888 1392
13 0 1888 1296 1888 1328
13 0 1888 1136 1888 1296
13 0 1664 1360 1664 1504
13 0 1472 1344 1472 1488
13 0 1232 1440 1232 1536
13 0 1232 1120 1232 1264
13 0 1216 1408 1216 1520
13 0 1216 1184 1216 1360
13 0 1152 1328 1152 2112
13 0 1152 1296 1152 1328
13 0 1152 1136 1152 1296
13 0 928 1360 928 1504
13 0 736 1344 736 1488
13 0 496 1440 496 1536
13 0 496 1296 496 1328
13 0 496 1088 496 1264
13 0 480 1408 480 1520
13 0 480 1184 480 1360
13 0 464 1568 464 2112
13 0 448 1328 448 1920
13 0 464 1568 1904 1568
13 0 1232 1536 1920 1536
13 0 496 1536 1232 1536
13 0 336 1536 496 1536
13 0 1216 1520 1888 1520
13 0 480 1520 1216 1520
13 0 320 1520 480 1520
13 0 1664 1504 2352 1504
13 0 928 1504 1664 1504
13 0 288 1504 928 1504
13 0 1472 1488 2160 1488
13 0 736 1488 1472 1488
13 0 272 1488 736 1488
13 0 1888 1408 1920 1408
13 0 1216 1408 1232 1408
13 0 480 1408 496 1408
13 0 1888 1392 1904 1392
13 0 1904 1360 1920 1360
13 0 1216 1360 1232 1360
13 0 480 1360 496 1360
13 0 2304 1328 2352 1328
13 0 1888 1328 1920 1328
13 0 1616 1328 1664 1328
13 0 1152 1328 1232 1328
13 0 880 1328 928 1328
13 0 448 1328 496 1328
13 0 2112 1312 2160 1312
13 0 1424 1312 1472 1312
13 0 688 1312 736 1312
13 0 1888 1296 1920 1296
13 0 1152 1296 1232 1296
13 0 2576 1280 2640 1280
13 0 1904 1184 2576 1184
13 0 1216 1184 1904 1184
13 0 480 1184 1216 1184
13 5 2576 1136 Q6
13 5 1920 1088 x6
13 5 1888 1136 Q5
13 5 1232 1120 x5
13 5 1152 1136 Q4
13 5 496 1088 x4
13 8 2656 1248 2
13 8 2000 1200 1
13 8 1968 1248 2
13 8 1312 1232 1
13 8 1232 1248 2
13 8 576 1200 1
13 8 2576 1136 2
13 8 1920 1088 1
13 8 1888 1136 2
13 8 1232 1120 1
13 8 1152 1136 2
13 8 496 1088 1
13 8 2576 1136 2
13 8 1920 1088 1
13 8 1888 1136 2
13 8 1232 1120 1
13 8 1152 1136 2
13 8 496 1088 1
