10 1 1
10 1 1
10 1 1
17 0 fd1s3ax 3008 2032 0
17 0 fd1s3ax 2112 2048 0
17 0 fd1s3ax 1296 2048 0
17 0 fd1s3ax 688 2048 0
17 0 and2 2832 2000 0
17 0 and2 1936 2032 0
17 0 and2 1120 2032 0
17 0 and2 496 2016 0
17 0 and2 528 1408 0
17 0 and2 1168 1392 0
17 0 and2 1808 1440 0
17 0 fl1s3ax 1360 1408 0
17 0 fd1s3ax 2016 1456 0
17 0 fd1s3ax 1360 1264 0
17 0 fd1s3ax 784 1392 0
17 0 mux41 272 1360 0
17 0 mux41 1008 1056 0
17 0 mux41 1664 1136 0
17 0 mux41 240 1936 0
17 0 mux41 928 1936 0
17 0 mux41 1680 1968 0
17 0 mux41 2608 1936 0
17 0 12
17 0 1
17 0 fd1s3ax 3104 2032 0
17 0 5
17 0 and2 2912 2016 0
17 0 5
17 0 and2 2912 2016 0
17 0 22
17 0 mux41 2672 1968 0
17 0 2
17 0 fd1s3ax 2352 2032 0
17 0 6
17 0 and2 2176 2016 0
17 0 21
17 0 mux41 1920 1968 0
17 0 3
17 0 fd1s3ax 1648 2032 0
17 0 7
17 0 and2 1456 2016 0
17 0 20
17 0 mux41 1216 1968 0
17 0 4
17 0 fd1s3ax 912 2032 0
17 0 8
17 0 and2 496 2016 0
17 0 8
17 0 and2 720 2016 0
17 0 8
17 0 and2 736 2016 0
17 0 19
17 0 mux41 496 1968 0
17 0 16
17 0 mux41 512 1552 0
17 0 9
17 0 and2 1072 1584 0
17 0 16
17 0 mux41 496 1216 0
17 0 15
17 0 fd1s3ax 1280 1520 0
17 0 9
17 0 and2 736 1264 0
17 0 17
17 0 mux41 1264 944 0
17 0 15
17 0 fd1s3ax 928 1280 0
17 0 10
17 0 and2 1568 1616 0
17 0 14
17 0 fd1s3ax 1568 1504 0
17 0 17
17 0 mux41 1232 1216 0
17 0 18
17 0 mux41 1792 1024 0
17 0 14
17 0 fd1s3ax 1712 1296 0
17 0 10
17 0 and2 1472 1264 0
17 0 18
17 0 mux41 2048 1008 0
17 0 14
17 0 fd1s3ax 1664 1280 0
17 0 13
17 0 fd1s3ax 2128 1584 0
17 0 11
17 0 and2 1840 1648 0
17 0 18
17 0 mux41 1952 1216 0
17 0 18
17 0 mux41 1920 1216 0
17 0 11
17 0 and2 2160 1264 0
17 0 13
17 0 fd1s3ax 2352 1280 0
13 0 224 1648 320 1648
13 0 224 1712 320 1712
13 0 224 1568 320 1568
13 0 224 1760 320 1760
13 5 224 1712 A0
13 5 224 1760 A1
13 5 224 1648 CLK
13 5 224 1568 reset
13 8 224 1568 1
13 8 224 1648 1
13 8 224 1712 1
13 8 224 1760 1
13 2 224 1568 320 1568
13 7 224 1568
13 8 224 1568 0
13 0 224 1600 320 1600
13 5 224 1600 reset
13 8 224 1568 1
13 8 224 1600 1
13 2 224 1648 320 1648
13 7 224 1648
13 8 224 1648 0
13 0 224 1648 320 1648
13 5 224 1648 CLK
13 8 224 1648 1
13 8 224 1648 1
13 2 224 1712 320 1712
13 7 224 1712
13 8 224 1712 0
13 0 208 1712 304 1712
13 5 208 1712 A0
13 8 224 1712 1
13 8 208 1712 1
13 2 224 1760 320 1760
13 7 224 1760
13 8 224 1760 0
13 0 208 1744 304 1744
13 5 208 1744 A1
13 8 224 1760 1
13 8 208 1744 1
13 0 304 1744 304 2192
13 0 304 2192 496 2192
13 0 304 1712 320 1712
13 0 320 1712 320 2160
13 0 320 2160 496 2160
13 0 304 2192 304 2256
13 0 304 2256 336 2256
13 0 336 2256 1472 2256
13 0 1472 2256 2672 2256
13 0 2672 2256 2672 2192
13 0 1920 2192 1920 2256
13 0 1216 2192 1216 2256
13 0 320 2160 320 2240
13 0 320 2240 1424 2240
13 0 1424 2240 2656 2240
13 0 2656 2240 2656 2176
13 0 2656 2176 2656 2160
13 0 2656 2160 2672 2160
13 0 1904 2240 1904 2160
13 0 1904 2160 1920 2160
13 0 1200 2240 1200 2160
13 0 1200 2160 1216 2160
13 0 288 1600 320 1600
13 2 288 1600 320 1600
13 0 288 1648 320 1648
13 2 288 1648 320 1648
13 0 288 1648 288 2288
13 0 288 2288 352 2288
13 0 368 2288 1440 2288
13 0 1440 2288 2656 2288
13 0 2656 2288 3104 2288
13 0 3104 2288 3104 2112
13 0 2352 2288 2352 2112
13 0 1648 2112 1648 2288
13 0 912 2112 912 2288
13 0 256 1600 288 1600
13 2 256 1600 288 1600
13 0 256 1600 272 1600
13 0 272 1600 272 2304
13 0 272 2304 336 2304
13 0 368 2288 352 2288
13 0 336 2304 1440 2304
13 0 1440 2304 2336 2304
13 0 2336 2304 2912 2304
13 0 2912 2304 2912 2096
13 0 2176 2096 2176 2304
13 0 1456 2096 1456 2304
13 0 736 2096 736 2304
13 0 688 2064 736 2064
13 0 880 2080 912 2080
13 0 1408 2064 1456 2064
13 0 1600 2080 1648 2080
13 0 2112 2064 2176 2064
13 0 2320 2080 2352 2080
13 0 2864 2064 2912 2064
13 0 3056 2080 3104 2080
13 0 400 1488 1456 1488
13 0 400 1488 272 1488
13 0 272 1488 272 1600
13 0 1456 1488 2160 1488
13 0 2160 1488 2160 1344
13 0 2112 1312 2160 1312
13 0 2304 1328 2352 1328
13 0 1616 1328 1664 1328
13 0 1424 1312 1488 1312
13 0 1424 1312 1472 1312
13 0 1472 1312 1488 1312
13 2 1472 1312 1488 1312
13 2 1424 1312 1472 1312
13 0 1424 1312 1472 1312
13 0 880 1328 928 1328
13 0 736 1312 688 1312
13 0 736 1344 736 1488
13 0 1472 1344 1472 1488
13 0 288 1648 288 1504
13 0 288 1504 320 1504
13 0 320 1504 1456 1504
13 0 1456 1504 2352 1504
13 0 2352 1504 2352 1360
13 0 1664 1360 1664 1504
13 0 928 1360 928 1504
13 0 320 1712 320 1520
13 0 320 1520 352 1520
13 0 352 1520 1568 1520
13 0 1568 1520 1888 1520
13 0 1888 1520 1888 1408
13 0 1888 1408 1920 1408
13 0 1232 1408 1216 1408
13 0 1216 1408 1216 1520
13 0 496 1408 480 1408
13 0 480 1408 480 1520
13 0 304 1744 336 1744
13 0 336 1744 336 1536
13 0 336 1536 528 1536
13 0 528 1536 1424 1536
13 0 1424 1536 1920 1536
13 0 1920 1536 1920 1440
13 0 1232 1440 1232 1536
13 0 496 1440 496 1536
13 0 3328 2080 3376 2080
13 0 3376 2080 3376 1840
13 0 2576 2080 2576 1824
13 0 1872 2080 1872 1856
13 0 1136 2080 1136 1872
13 0 1152 1328 1152 1136
13 0 1888 1328 1888 1136
13 0 2576 1328 2576 1136
13 5 3376 1840 Q1
13 5 2576 1824 Q2
13 5 1872 1856 Q3
13 5 1136 1872 Q4
13 5 3376 1824 Q0
13 7 3376 1824
13 7 1136 1872
13 7 1872 1856
13 7 2576 1824
13 7 3376 1840
13 5 3376 1840 Q0
13 5 2576 1824 Q1
13 5 1888 1856 Q2
13 7 1888 1856
13 5 1872 1856 Q2
13 5 1136 1872 Q3
13 5 1152 1136 Q4
13 5 1888 1136 Q5
13 5 2576 1136 Q6
13 8 3376 1840 2
13 8 2576 1824 2
13 8 1872 1856 2
13 8 1136 1872 2
13 8 1152 1136 2
13 8 1888 1136 2
13 8 2576 1136 2
13 0 2672 2016 2672 1840
13 5 2672 1840 x0
17 0 vlo 2640 2048 2
17 0 12
17 0 vlo 2608 2048 2
13 0 2672 2048 2608 2048
13 0 2672 2080 2640 2080
13 0 2640 2080 2640 1712
13 5 2640 1712 x6
13 8 2640 1712 1
13 8 2672 1840 1
13 8 2672 1840 1
13 8 2672 1840 0
13 8 2640 1712 1
13 8 2640 1712 0
13 7 2640 1712
13 2 2640 1712 2640 2080
13 2 2640 2080 2672 2080
13 8 2672 1840 1
13 0 2672 2080 2640 2080
13 0 2640 2080 2640 1280
13 0 2640 1280 2576 1280
13 0 2672 2112 2592 2112
13 0 2592 2112 2592 1888
13 0 2592 1888 2512 1888
13 0 2512 1888 1872 1888
13 0 1920 2016 1920 1792
13 0 1920 1792 1920 1840
13 2 1920 1792 1920 1840
13 5 1920 1840 x1
13 8 1920 1840 1
13 0 1920 2048 1904 2048
13 0 1904 2048 1904 1920
13 0 1904 1920 2000 1920
13 0 2000 1920 3216 1920
13 0 3216 1920 3376 1920
13 0 1920 2080 1920 2048
13 0 1920 2112 1888 2112
13 0 1888 2112 1888 2096
13 0 1888 2096 1888 1904
13 0 1888 1904 1728 1904
13 0 1728 1904 1136 1904
13 0 1216 2016 1200 2016
13 0 1200 2016 1200 1824
13 5 1200 1824 x2
13 8 1200 1824 1
13 0 1216 2048 1216 1936
13 0 1216 1936 1216 2016
13 0 1216 2016 1216 2048
13 0 1216 1936 1328 1936
13 0 2032 2448 2032 2464
13 2 2032 2448 2032 2464
13 0 1328 1936 2576 1936
13 0 1840 2448 1744 2448
13 0 1328 1936 2080 1936
13 0 1328 1936 2080 1936
13 2 1328 1936 2080 1936
13 2 1744 2448 1840 2448
13 0 1328 1936 2576 1936
13 0 1328 1936 2016 1936
13 0 2016 1936 2576 1936
13 0 2016 1936 2272 1936
13 0 2272 1936 2560 1936
13 0 2560 1936 2576 1936
13 0 2576 1936 2544 1936
13 0 2560 1936 2576 1936
13 0 2560 1936 2560 1968
13 0 2560 1968 2576 1968
13 0 2560 1968 2576 1968
13 0 2560 1968 2592 1968
13 0 2560 1968 2576 1968
13 0 2560 1968 2576 1968
13 2 2560 1936 2560 1968
13 0 2272 1936 2560 1936
13 2 2272 1936 2560 1936
13 0 2016 1936 2272 1936
13 2 2016 1936 2272 1936
13 0 1328 1936 2016 1936
13 2 1328 1936 2016 1936
13 2 1216 1936 1328 1936
13 2 1216 2016 1216 2048
13 2 1216 1936 1216 2016
13 0 1216 2048 1216 1936
13 0 1216 1936 1216 2016
13 0 1216 2016 1216 2048
13 0 1216 1936 1232 1936
13 2 1216 1936 1232 1936
13 2 1216 2016 1216 2048
13 2 1216 1936 1216 2016
13 0 1216 2032 1216 1968
13 0 1216 1968 1216 2016
13 0 1216 2016 1216 2032
13 2 1216 2016 1216 2032
13 2 1216 1968 1216 2016
13 0 1216 2048 1216 1920
13 0 1216 1920 1216 2016
13 0 1216 2016 1216 2048
13 0 1216 1920 1344 1920
13 2 1216 1920 1344 1920
13 2 1216 2016 1216 2048
13 2 1216 1920 1216 2016
13 0 1216 2048 1184 2048
13 0 1184 2048 1184 1920
13 0 1184 1920 1264 1920
13 0 1264 1920 1856 1920
13 0 1856 1920 1856 1936
13 0 1856 1936 2576 1936
13 0 1216 2080 1216 2048
13 0 1216 2112 1152 2112
13 0 1152 2112 1152 1728
13 0 1152 1728 1152 1328
13 0 496 2016 496 1824
13 5 496 1824 x3
13 8 496 1824 1
13 0 496 2048 480 2048
13 0 480 2048 480 1936
13 0 480 1936 576 1936
13 0 576 1936 1584 1936
13 0 1584 1936 1856 1936
13 0 1856 1936 1856 1952
13 2 1856 1936 1856 1952
13 0 1584 1936 1856 1936
13 2 1584 1936 1856 1936
13 0 1584 1936 1824 1936
13 0 1824 1936 1824 1952
13 0 1824 1952 1872 1952
13 0 496 2080 496 2048
13 0 496 2112 464 2112
13 0 464 2112 464 2096
13 0 464 2096 464 1568
13 0 464 1568 560 1568
13 0 560 1568 1376 1568
13 0 1376 1568 1888 1568
13 0 1888 1328 1888 1392
13 0 1888 1392 1904 1392
13 0 1904 1392 1904 1568
13 0 1904 1568 1888 1568
13 0 496 1264 496 1088
13 5 496 1088 x4
13 8 496 1088 1
13 0 496 1328 448 1328
13 0 448 1328 448 1360
13 0 448 1360 448 1808
13 0 448 1808 448 1920
13 0 448 1920 528 1920
13 0 528 1920 1136 1920
13 0 496 1296 496 1328
13 0 496 1360 480 1360
13 0 480 1360 480 1184
13 0 480 1184 608 1184
13 0 608 1184 1264 1184
13 0 1264 1184 2224 1184
13 0 2224 1184 2576 1184
13 0 1232 1264 1232 1120
13 5 1232 1120 x5
13 8 1232 1120 1
13 0 1232 1328 1184 1328
13 0 1184 1328 1184 1344
13 0 1184 1344 1184 1584
13 0 1184 1584 1168 1584
13 2 1168 1584 1184 1584
13 0 1184 1344 1184 1584
13 2 1184 1344 1184 1584
13 2 1184 1328 1184 1344
13 2 1184 1328 1232 1328
13 0 1232 1296 1152 1296
13 0 1232 1328 1152 1328
13 0 1232 1360 1216 1360
13 0 1216 1360 1216 1184
13 0 1920 1264 1920 1088
13 5 1920 1088 x6
13 8 1920 1088 1
13 0 1920 1296 1888 1296
13 0 1920 1328 1888 1328
13 0 1920 1360 1904 1360
13 0 1904 1360 1904 1184
17 0 12
17 0 vhi 2544 1968 0
17 0 vhi 2160 1664 0
17 0 vlo 2304 1696 0
17 0 vlo 2384 1744 2
17 0 25
17 0 24
17 0 23
