Active-HDL 10.3.3558.6081  2017-05-23 01:26:14

Elaboration top modules:
VHDL Configuration            testbench_for_specializuotasregistras


----------------------------------------------------------------------------------------------------------------
Entity                     | Architecture    | Library | Info | Compiler Version          | Compilation Options
----------------------------------------------------------------------------------------------------------------
specializuotasregistras_tb | TB_ARCHITECTURE | work    |      | 10.3.3558.6081  (Windows) | -O3
SPECIALIZUOTASREGISTRAS    | SCHEMATIC       | work    |      | 10.3.3558.6081  (Windows) | -O3
vhi                        | v               | xp2     |      | 10.3.3558.6081  (Windows) | -vendor lattice
mux41                      | v               | xp2     |      | 10.3.3558.6081  (Windows) | -vendor lattice
and2                       | v               | xp2     |      | 10.3.3558.6081  (Windows) | -vendor lattice
fd1s3ax                    | v               | xp2     |      | 10.3.3558.6081  (Windows) | -vendor lattice
----------------------------------------------------------------------------------------------------------------

----------------------------------------------------------------------------------------------------------------
VHDL Configuration                           | Library | Info | Compiler Version          | Compilation Options
----------------------------------------------------------------------------------------------------------------
testbench_for_specializuotasregistras        | work    |      | 10.3.3558.6081  (Windows) | -O3
----------------------------------------------------------------------------------------------------------------

----------------------------------------------------------------------------------------------------------------
VHDL Package                                 | Library | Info | Compiler Version          | Compilation Options
----------------------------------------------------------------------------------------------------------------
standard                                     | std     |      |                           | <unavailable>
TEXTIO                                       | std     |      | 10.3.3558.6081  (Windows) |  -2008
std_logic_1164                               | ieee    |      | 10.3.3558.6081  (Windows) |  -2008
components                                   | xp2     |      | 10.3.3558.6081  (Windows) | -vendor lattice
VITAL_Timing                                 | ieee    |      | 10.3.3558.6081  (Windows) | <unavailable>
VITAL_Primitives                             | ieee    |      | 10.3.3558.6081  (Windows) | <unavailable>
global                                       | xp2     |      | 10.3.3558.6081  (Windows) | -vendor lattice
----------------------------------------------------------------------------------------------------------------

----------------------------------------------------------------------------------------------------------------
Library                                      | Comment
----------------------------------------------------------------------------------------------------------------
ieee                                         | Standard IEEE packages library
std                                          | Standard VHDL library
work                                         | None
xp2                                          | LATTICE Diamond 3.9, XP2 VHDL LIBRARY
----------------------------------------------------------------------------------------------------------------


Simulation Options: asim +access +r TESTBENCH_FOR_specializuotasregistras


The performance of simulation is reduced. Version Lattice Edition
